0 info it worked if it ends with ok
1 verbose cli [ 'node', '/usr/local/bin/npm', 'install' ]
2 info using npm@1.2.30
3 info using node@v0.10.11
4 verbose read json /Users/slhernandez/Projects/TheMagazine/package.json
5 warn package.json the_magazine@1.0 No repository field.
6 error install Couldn't read dependencies
7 error Error: invalid version: 1.0
7 error     at Object.module.exports.fixVersionField (/usr/local/lib/node_modules/npm/node_modules/read-package-json/node_modules/normalize-package-data/lib/fixer.js:84:13)
7 error     at /usr/local/lib/node_modules/npm/node_modules/read-package-json/node_modules/normalize-package-data/lib/normalize.js:28:38
7 error     at Array.forEach (native)
7 error     at normalize (/usr/local/lib/node_modules/npm/node_modules/read-package-json/node_modules/normalize-package-data/lib/normalize.js:27:15)
7 error     at final (/usr/local/lib/node_modules/npm/node_modules/read-package-json/read-json.js:304:33)
7 error     at then (/usr/local/lib/node_modules/npm/node_modules/read-package-json/read-json.js:118:48)
7 error     at /usr/local/lib/node_modules/npm/node_modules/read-package-json/read-json.js:228:40
7 error     at fs.js:266:14
7 error     at Object.oncomplete (fs.js:107:15)
8 error If you need help, you may report this log at:
8 error     <http://github.com/isaacs/npm/issues>
8 error or email it to:
8 error     <npm-@googlegroups.com>
9 error System Darwin 12.4.0
10 error command "node" "/usr/local/bin/npm" "install"
11 error cwd /Users/slhernandez/Projects/TheMagazine
12 error node -v v0.10.11
13 error npm -v 1.2.30
14 verbose exit [ 1, true ]
